<?xml version="1.0" encoding="UTF-8" ?>
<testsuite tests="23" failures="0" name="TestSuite" time="0.58" errors="0" skipped="0">
  <properties>
    <property name="java.runtime.name" value="Java(TM) SE Runtime Environment"/>
    <property name="sun.boot.library.path" value="C:\Program Files\Java\jdk1.8.0_51\jre\bin"/>
    <property name="java.vm.version" value="25.51-b03"/>
    <property name="java.vm.vendor" value="Oracle Corporation"/>
    <property name="maven.multiModuleProjectDirectory" value="/cygdrive/c/gjs/edureka/java/workspace/GsimpsonSpringJspHibernateMysql"/>
    <property name="java.vendor.url" value="http://java.oracle.com/"/>
    <property name="path.separator" value=";"/>
    <property name="guice.disable.misplaced.annotation.check" value="true"/>
    <property name="java.vm.name" value="Java HotSpot(TM) 64-Bit Server VM"/>
    <property name="file.encoding.pkg" value="sun.io"/>
    <property name="user.script" value=""/>
    <property name="user.country" value="US"/>
    <property name="sun.java.launcher" value="SUN_STANDARD"/>
    <property name="sun.os.patch.level" value="Service Pack 1"/>
    <property name="java.vm.specification.name" value="Java Virtual Machine Specification"/>
    <property name="user.dir" value="C:\gjs\edureka\java\workspace\GsimpsonSpringJspHibernateMysql"/>
    <property name="java.runtime.version" value="1.8.0_51-b16"/>
    <property name="java.awt.graphicsenv" value="sun.awt.Win32GraphicsEnvironment"/>
    <property name="java.endorsed.dirs" value="C:\Program Files\Java\jdk1.8.0_51\jre\lib\endorsed"/>
    <property name="os.arch" value="amd64"/>
    <property name="java.io.tmpdir" value="C:\cygwin64\tmp\"/>
    <property name="line.separator" value="
"/>
    <property name="java.vm.specification.vendor" value="Oracle Corporation"/>
    <property name="user.variant" value=""/>
    <property name="os.name" value="Windows 7"/>
    <property name="classworlds.conf" value="C:\apache\apache-maven-3.3.3/bin/m2.conf"/>
    <property name="sun.jnu.encoding" value="Cp1252"/>
    <property name="java.library.path" value="C:\Program Files\Java\jdk1.8.0_51\bin;C:\windows\Sun\Java\bin;C:\windows\system32;C:\windows;C:\cygwin64\usr\local\bin;C:\cygwin64\bin;C:\Program Files\Java\jdk1.8.0_51\bin;C:\ProgramData\Oracle\Java\javapath;C:\ant\apache-ant-1.9.4\bin;C:\Ruby21-x64\bin;C:\jruby-1.7.20\bin;C:\oracle\product\12.1.0\dbhome_2\bin;C:\Program Files\Java\jdk1.8.0_51\bin;C:\oracle\product\12.1.0\dbhome_1\bin;C:\gjs\bin;C:\gjs\vim\vim74;C:\cygwin64\bin;C:\windows\system32;C:\windows;C:\windows\System32\Wbem;C:\windows\System32\WindowsPowerShell\v1.0;C:\cygwin\bin;C:\unison;C:\Program Files\TortoiseSVN\bin;C:\Program Files (x86)\QuickTime\QTSystem;C:\Program Files (x86)\Bitvise SSH Client;C:\Program Files (x86)\Skype\Phone;C:\opscode\chefdk\bin;C:\apache\apache-maven-3.3.3\bin;C:\Program Files (x86)\Plantronics\Spokes3G;C:\Program Files (x86)\Common Files\Plantronics;C:\Program Files (x86)\Plantronics\MyHeadsetUpdater;C:\Program Files (x86)\Plantronics\VoyagerEdge;C:\Program Files (x86)\Sennheiser\SoftphoneSDK;C:\Program Files\Docker Toolbox;."/>
    <property name="java.specification.name" value="Java Platform API Specification"/>
    <property name="java.class.version" value="52.0"/>
    <property name="sun.management.compiler" value="HotSpot 64-Bit Tiered Compilers"/>
    <property name="os.version" value="6.1"/>
    <property name="user.home" value="C:\Users\gjsimpso"/>
    <property name="user.timezone" value="America/Denver"/>
    <property name="java.awt.printerjob" value="sun.awt.windows.WPrinterJob"/>
    <property name="java.specification.version" value="1.8"/>
    <property name="file.encoding" value="Cp1252"/>
    <property name="user.name" value="gjsimpso"/>
    <property name="java.class.path" value="C:\apache\apache-maven-3.3.3/boot/plexus-classworlds-2.5.2.jar"/>
    <property name="java.vm.specification.version" value="1.8"/>
    <property name="sun.arch.data.model" value="64"/>
    <property name="java.home" value="C:\Program Files\Java\jdk1.8.0_51\jre"/>
    <property name="sun.java.command" value="org.codehaus.plexus.classworlds.launcher.Launcher clean install"/>
    <property name="java.specification.vendor" value="Oracle Corporation"/>
    <property name="user.language" value="en"/>
    <property name="awt.toolkit" value="sun.awt.windows.WToolkit"/>
    <property name="java.vm.info" value="mixed mode"/>
    <property name="java.version" value="1.8.0_51"/>
    <property name="java.ext.dirs" value="C:\Program Files\Java\jdk1.8.0_51\jre\lib\ext;C:\windows\Sun\Java\lib\ext"/>
    <property name="sun.boot.class.path" value="C:\Program Files\Java\jdk1.8.0_51\jre\lib\resources.jar;C:\Program Files\Java\jdk1.8.0_51\jre\lib\rt.jar;C:\Program Files\Java\jdk1.8.0_51\jre\lib\sunrsasign.jar;C:\Program Files\Java\jdk1.8.0_51\jre\lib\jsse.jar;C:\Program Files\Java\jdk1.8.0_51\jre\lib\jce.jar;C:\Program Files\Java\jdk1.8.0_51\jre\lib\charsets.jar;C:\Program Files\Java\jdk1.8.0_51\jre\lib\jfr.jar;C:\Program Files\Java\jdk1.8.0_51\jre\classes"/>
    <property name="java.vendor" value="Oracle Corporation"/>
    <property name="maven.home" value="C:\apache\apache-maven-3.3.3"/>
    <property name="file.separator" value="\"/>
    <property name="java.vendor.url.bug" value="http://bugreport.sun.com/bugreport/"/>
    <property name="sun.cpu.endian" value="little"/>
    <property name="sun.io.unicode.encoding" value="UnicodeLittle"/>
    <property name="sun.desktop" value="windows"/>
    <property name="sun.cpu.isalist" value="amd64"/>
  </properties>
  <testcase classname="com.mvc.controller.AppControllerTest" name="deletePlayer" time="0.05"/>
  <testcase classname="com.mvc.controller.AppControllerTest" name="editPlayer" time="0.016"/>
  <testcase classname="com.mvc.controller.AppControllerTest" name="listPlayers" time="0.012"/>
  <testcase classname="com.mvc.controller.AppControllerTest" name="newPlayer" time="0.001"/>
  <testcase classname="com.mvc.controller.AppControllerTest" name="savePlayerWithSuccess" time="0.001"/>
  <testcase classname="com.mvc.controller.AppControllerTest" name="savePlayerWithValidationError" time="0.001"/>
  <testcase classname="com.mvc.controller.AppControllerTest" name="savePlayerWithValidationErrorNonUniqueJersey" time="0.002"/>
  <testcase classname="com.mvc.controller.AppControllerTest" name="updatePlayerWithSuccess" time="0.001"/>
  <testcase classname="com.mvc.controller.AppControllerTest" name="updatePlayerWithValidationError" time="0"/>
  <testcase classname="com.mvc.controller.AppControllerTest" name="updatePlayerWithValidationErrorNonUniqueSSN" time="0"/>
  <testcase classname="com.mvc.dao.PlayerDaoImplTest" name="deletePlayerByInvalidJersey" time="0.241"/>
  <testcase classname="com.mvc.dao.PlayerDaoImplTest" name="deletePlayerByJersey" time="0.008"/>
  <testcase classname="com.mvc.dao.PlayerDaoImplTest" name="findAllPlayers" time="0"/>
  <testcase classname="com.mvc.dao.PlayerDaoImplTest" name="findById" time="0.19"/>
  <testcase classname="com.mvc.dao.PlayerDaoImplTest" name="findPlayerByJersey" time="0"/>
  <testcase classname="com.mvc.dao.PlayerDaoImplTest" name="savePlayer" time="0.048"/>
  <testcase classname="com.mvc.service.PlayerServiceImplTest" name="deletePlayerByJersey" time="0.001"/>
  <testcase classname="com.mvc.service.PlayerServiceImplTest" name="findAllPlayers" time="0"/>
  <testcase classname="com.mvc.service.PlayerServiceImplTest" name="findById" time="0.001"/>
  <testcase classname="com.mvc.service.PlayerServiceImplTest" name="findPlayerByJersey" time="0.001"/>
  <testcase classname="com.mvc.service.PlayerServiceImplTest" name="isPlayerJerseyUnique" time="0"/>
  <testcase classname="com.mvc.service.PlayerServiceImplTest" name="savePlayer" time="0.004"/>
  <testcase classname="com.mvc.service.PlayerServiceImplTest" name="updatePlayer" time="0.002"/>
</testsuite>