<?xml version="1.0" encoding="UTF-8"?>
<!-- Generated by org.testng.reporters.JUnitReportReporter -->
<testsuite hostname="GJSIMPSO-LAP" name="com.mvc.dao.PlayerDaoImplTest" tests="6" failures="0" timestamp="27 Jan 2016 17:50:11 GMT" time="1.054" errors="0">
  <testcase name="findById" time="0.089" classname="com.mvc.dao.PlayerDaoImplTest"/>
  <testcase name="deletePlayerByInvalidJersey" time="0.281" classname="com.mvc.dao.PlayerDaoImplTest"/>
  <testcase name="savePlayer" time="0.109" classname="com.mvc.dao.PlayerDaoImplTest"/>
  <testcase name="findPlayerByJersey" time="0.382" classname="com.mvc.dao.PlayerDaoImplTest"/>
  <testcase name="deletePlayerByJersey" time="0.171" classname="com.mvc.dao.PlayerDaoImplTest"/>
  <testcase name="findAllPlayers" time="0.022" classname="com.mvc.dao.PlayerDaoImplTest"/>
</testsuite> <!-- com.mvc.dao.PlayerDaoImplTest -->
