<?xml version="1.0" encoding="UTF-8"?>
<!-- Generated by org.testng.reporters.JUnitReportReporter -->
<testsuite hostname="GJSIMPSO-LAP" name="com.mvc.service.PlayerServiceImplTest" tests="7" failures="0" timestamp="27 Jan 2016 17:50:11 GMT" time="0.008" errors="0">
  <testcase name="isPlayerJerseyUnique" time="0.001" classname="com.mvc.service.PlayerServiceImplTest"/>
  <testcase name="findById" time="0.000" classname="com.mvc.service.PlayerServiceImplTest"/>
  <testcase name="findPlayerByJersey" time="0.001" classname="com.mvc.service.PlayerServiceImplTest"/>
  <testcase name="savePlayer" time="0.004" classname="com.mvc.service.PlayerServiceImplTest"/>
  <testcase name="deletePlayerByJersey" time="0.001" classname="com.mvc.service.PlayerServiceImplTest"/>
  <testcase name="findAllPlayers" time="0.000" classname="com.mvc.service.PlayerServiceImplTest"/>
  <testcase name="updatePlayer" time="0.001" classname="com.mvc.service.PlayerServiceImplTest"/>
</testsuite> <!-- com.mvc.service.PlayerServiceImplTest -->
