<?xml version="1.0" encoding="UTF-8"?>
<!-- Generated by org.testng.reporters.JUnitReportReporter -->
<testsuite hostname="GJSIMPSO-LAP" name="com.mvc.controller.AppControllerTest" tests="10" failures="0" timestamp="27 Jan 2016 17:50:11 GMT" time="0.091" errors="0">
  <testcase name="listPlayers" time="0.013" classname="com.mvc.controller.AppControllerTest"/>
  <testcase name="updatePlayerWithValidationError" time="0.001" classname="com.mvc.controller.AppControllerTest"/>
  <testcase name="deletePlayer" time="0.030" classname="com.mvc.controller.AppControllerTest"/>
  <testcase name="savePlayerWithValidationError" time="0.001" classname="com.mvc.controller.AppControllerTest"/>
  <testcase name="updatePlayerWithValidationErrorNonUniqueSSN" time="0.001" classname="com.mvc.controller.AppControllerTest"/>
  <testcase name="updatePlayerWithSuccess" time="0.001" classname="com.mvc.controller.AppControllerTest"/>
  <testcase name="editPlayer" time="0.040" classname="com.mvc.controller.AppControllerTest"/>
  <testcase name="savePlayerWithSuccess" time="0.001" classname="com.mvc.controller.AppControllerTest"/>
  <testcase name="newPlayer" time="0.001" classname="com.mvc.controller.AppControllerTest"/>
  <testcase name="savePlayerWithValidationErrorNonUniqueJersey" time="0.002" classname="com.mvc.controller.AppControllerTest"/>
</testsuite> <!-- com.mvc.controller.AppControllerTest -->
